[90m2025-10-28T15:44:06.469Z[39m [96mINFO[39m [97m@wdio/browserstack-service[39m BrowserStack service started with id: e2d52420-7b2e-4cf8-ba87-aac72be2fd63
[90m2025-10-28T15:44:06.469Z[39m [32mDEBUG[39m [97m@wdio/browserstack-service[39m _options data: {"app":"bs://c0297eaec87d3b5d8933961b9b40217d80dfe433","browserstackLocal":false,"accessibility":false,"testObservabilityOptions":{"buildName":"bstack-demo","projectName":"BrowserStack Sample","buildTag":"Any build tag goes here. For e.g. [\"Tag1\",\"Tag2\"]"}}
[90m2025-10-28T15:44:06.469Z[39m [32mDEBUG[39m [97m@wdio/browserstack-service[39m webdriver capabilities data: [{"bstack:options":{"deviceName":"Samsung Galaxy S22 Ultra","platformVersion":"12.0","platformName":"android"}}]
[90m2025-10-28T15:44:06.469Z[39m [32mDEBUG[39m [97m@wdio/browserstack-service[39m _config data: {"rootDir":"/Users/mbouallagui/dev/browserstack","specs":["./test/specs/app.e2e.js"],"suites":{},"exclude":[],"capabilities":[],"logLevel":"info","logLevels":{},"groupLogsByTestSpec":false,"excludeDriverLogs":[],"bail":0,"waitforInterval":100,"waitforTimeout":5000,"framework":"mocha","reporters":[],"services":[["browserstack",{"app":"bs://c0297eaec87d3b5d8933961b9b40217d80dfe433","browserstackLocal":false,"accessibility":false,"testObservabilityOptions":{"buildName":"bstack-demo","projectName":"BrowserStack Sample","buildTag":"Any build tag goes here. For e.g. [\"Tag1\",\"Tag2\"]"}}]],"maxInstances":10,"maxInstancesPerCapability":100,"injectGlobals":true,"filesToWatch":[],"connectionRetryTimeout":120000,"connectionRetryCount":3,"execArgv":[],"runnerEnv":{"FORCE_COLOR":"1"},"runner":"local","shard":{"current":1,"total":1},"specFileRetries":0,"specFileRetriesDelay":0,"specFileRetriesDeferred":false,"autoAssertOnTestEnd":true,"reporterSyncInterval":100,"reporterSyncTimeout":5000,"cucumberFeaturesWithLineNumbers":[],"mochaOpts":{"timeout":10000},"jasmineOpts":{"defaultTimeoutInterval":10000},"cucumberOpts":{"timeout":10000},"onPrepare":[],"onWorkerStart":[],"onWorkerEnd":[],"before":[],"beforeSession":[],"beforeSuite":[],"beforeHook":[],"beforeTest":[],"beforeCommand":[],"afterCommand":[],"afterTest":[],"afterHook":[],"afterSuite":[],"afterSession":[],"after":[],"onComplete":[],"onReload":[],"beforeAssertion":[],"afterAssertion":[],"beforeFeature":[],"beforeScenario":[],"beforeStep":[],"afterStep":[],"afterScenario":[],"afterFeature":[],"_":["test.conf.js","test.conf.js"],"$0":"/Users/mbouallagui/dev/browserstack/node_modules/.bin/wdio","user":"mehdibouallagui1","key":"ks1QMgftzqmNqaC2jNzM","hostname":"hub.browserstack.com","commonCapabilities":{"bstack:options":{"debug":true,"networkLogs":true,"percy":false,"percyCaptureMode":"off"}}}
[90m2025-10-28T15:44:06.470Z[39m [32mDEBUG[39m [97m@wdio/browserstack-service[39m Sending SDK event with data {
  userName: '[REDACTED]',
  accessKey: '[REDACTED]',
  event_type: 'SDKTestAttempted',
  detectedFramework: 'WebdriverIO-mocha',
  event_properties: {
    sdkRunId: 'e2d52420-7b2e-4cf8-ba87-aac72be2fd63',
    testhub_uuid: undefined,
    language_framework: 'WebdriverIO_mocha',
    referrer: 'WebdriverIO-mocha/9.19.2',
    language: 'WebdriverIO',
    languageVersion: 'v23.10.0',
    buildName: 'undefined',
    buildIdentifier: 'undefined',
    os: 'Darwin',
    hostname: 'OGY-M-D4K9672MDW',
    productMap: {
      observability: true,
      accessibility: false,
      percy: false,
      automate: false,
      app_automate: true
    },
    product: [ 'observability', 'app-automate' ],
    framework: 'mocha'
  }
}
[90m2025-10-28T15:44:06.734Z[39m [32mDEBUG[39m [97m@wdio/browserstack-service[39m Funnel Event Response: "{\"message\":\"SDK Event recorded successfully\"}"
[90m2025-10-28T15:44:06.734Z[39m [32mDEBUG[39m [97m@wdio/browserstack-service[39m Funnel event success
[90m2025-10-28T15:44:06.734Z[39m [96mINFO[39m [97m@wdio/browserstack-service[39m Using app: bs://c0297eaec87d3b5d8933961b9b40217d80dfe433
[90m2025-10-28T15:44:06.735Z[39m [33mWARN[39m [97m@wdio/browserstack-service[39m Accessibility Automation will run only on Chrome browsers.
[90m2025-10-28T15:44:06.735Z[39m [32mDEBUG[39m [97m@wdio/browserstack-service[39m Sending launch start event
[90m2025-10-28T15:44:07.382Z[39m [32mDEBUG[39m [97m@wdio/browserstack-service[39m [Start_Build] Success response: {"observability":{"success":true,"options":{"allow_screenshots":true},"code":null,"errors":null,"error_trace_id":null},"accessibility":null,"automate":null,"turboscale":null,"build_hashed_id":"ardu5wty29yxaqrslst1pd2epfecztvhzcbsk1bj","jwt":"eyJhbGciOiJIUzI1NiJ9.eyJpc3MiOiJicm93c2Vyc3RhY2tfb2IiLCJzdWIiOiI0NTA5Nzk1IiwiZ3JvdXBfaWQiOjMwMzAxMTQsInVzZXJfaWQiOjQ1MDk3OTUsImJ1aWxkX2hhc2hlZF9pZCI6ImFyZHU1d3R5Mjl5eGFxcnNsc3QxcGQyZXBmZWN6dHZoemNic2sxYmoiLCJwcm9qZWN0X25hbWUiOiJCcm93c2VyU3RhY2sgU2FtcGxlIiwiaG9va19hc190ZXN0IjoiMSIsImJ1aWxkX25hbWUiOiJic3RhY2stZGVtbyIsInByb2R1Y3RfbWFwIjoie1wib2JzZXJ2YWJpbGl0eVwiOnRydWUsXCJvcmlnaW5Gcm9tUHJvZHVjdE1hcFwiOlwiQXBwQXV0b21hdGVcIixcImJzdGFja0F1dG9tYXRpb25cIjp0cnVlLFwiYWNjZXNzaWJpbGl0eUF1dG9FbmFibGVkXCI6dHJ1ZSxcIm5vblNES1wiOmZhbHNlLFwiY2FkXCI6dHJ1ZSxcImFwcF9hdXRvbWF0ZVwiOnRydWV9IiwiZ3JyX3JlZ2lvbiI6IiIsImlzX2xvd192b2x1bWUiOmZhbHNlLCJpc19sY25jX2V2ZW50IjpmYWxzZSwic2lnbmluZ19rZXlfaGFzaCI6IjM3YzExMzFlNGIyZTc0M2M3NjZlMWQ3MGJmNWYyYjU3ZGM2OWIxOTVkMzAwZTMyYWU4ZDAyMzEyMGE0YTZkOTciLCJpYXQiOjE3NjE2NjYyNDcsImV4cCI6MTc2MjAxMTg0N30.66fI16c_Zv6NYUGIVY2-J87NK7FW3QWt4kLoEI2ZNe0","discard_build":null,"app_automate":{"success":true,"options":{"allow_screenshots":true},"code":null,"errors":null,"error_trace_id":null}}
[90m2025-10-28T15:44:07.382Z[39m [96mINFO[39m [97m@wdio/browserstack-service[39m Testhub started with id: ardu5wty29yxaqrslst1pd2epfecztvhzcbsk1bj
[90m2025-10-28T15:44:07.932Z[39m [32mDEBUG[39m [97m@wdio/browserstack-service[39m Percy binary is up to date (ETag unchanged)
[90m2025-10-28T15:44:08.082Z[39m [96mINFO[39m [97m@wdio/browserstack-service[39m browserstackLocal is not enabled - skipping...
[90m2025-10-28T15:44:41.719Z[39m [32mDEBUG[39m [97m@wdio/browserstack-service[39m Skipping method: Console, exists: true, type: function
[90m2025-10-28T15:44:41.826Z[39m [32mDEBUG[39m [97m@wdio/browserstack-service[39m Requesting Browserstack session URL at https://api-cloud.browserstack.com/app-automate/sessions/8bbeb5c66b36cb479c5debd35921adcefbbc8b4d.json
[90m2025-10-28T15:44:42.145Z[39m [96mINFO[39m [97m@wdio/browserstack-service[39m  session: https://app-automate.browserstack.com/builds/eeb3031b2137a093c01691c91504e3f88ddba5ab/sessions/8bbeb5c66b36cb479c5debd35921adcefbbc8b4d
[90m2025-10-28T15:44:42.152Z[39m [96mINFO[39m [97m@wdio/browserstack-service[39m Update job with sessionId 8bbeb5c66b36cb479c5debd35921adcefbbc8b4d
[90m2025-10-28T15:44:42.153Z[39m [32mDEBUG[39m [97m@wdio/browserstack-service[39m Updating Browserstack session at https://api-cloud.browserstack.com/app-automate/sessions/8bbeb5c66b36cb479c5debd35921adcefbbc8b4d.json with request body: 
[90m2025-10-28T15:44:42.457Z[39m [96mINFO[39m [97m@wdio/browserstack-service[39m Update job with sessionId 8bbeb5c66b36cb479c5debd35921adcefbbc8b4d
[90m2025-10-28T15:44:42.457Z[39m [32mDEBUG[39m [97m@wdio/browserstack-service[39m Updating Browserstack session at https://api-cloud.browserstack.com/app-automate/sessions/8bbeb5c66b36cb479c5debd35921adcefbbc8b4d.json with request body: 
[90m2025-10-28T15:44:42.708Z[39m [32mDEBUG[39m [97m@wdio/browserstack-service[39m Driver capabilities used for integration object: {"platform":"LINUX","webStorageEnabled":false,"takesScreenshot":true,"javascriptEnabled":true,"databaseEnabled":false,"networkConnectionEnabled":true,"locationContextEnabled":false,"warnings":{},"desired":{"platformName":"Android","goog:chromeOptions":{},"newCommandTimeout":0,"deviceName":"Android","chromedriverPorts":[[18155,18165]],"automationName":"uiautomator2","systemPort":8205,"bundleID":"co.ogury.sdk.ads.app","bundleId":"co.ogury.sdk.ads.app","skipServerInstallation":true,"udid":"R3CT40C2YWT","appPackage":"co.ogury.sdk.ads.app","appActivity":"co.ogury.sdk.ads.app.ui.MainActivity","nativeWebScreenshot":true,"disableSuppressAccessibilityService":true},"platformName":"Android","goog:chromeOptions":{},"newCommandTimeout":0,"deviceName":"R3CT40C2YWT","chromedriverPorts":[[18155,18165]],"automationName":"uiautomator2","systemPort":8205,"bundleID":"co.ogury.sdk.ads.app","bundleId":"co.ogury.sdk.ads.app","skipServerInstallation":true,"udid":"R3CT40C2YWT","appPackage":"co.ogury.sdk.ads.app","appActivity":"co.ogury.sdk.ads.app.ui.MainActivity","nativeWebScreenshot":true,"disableSuppressAccessibilityService":true,"deviceUDID":"R3CT40C2YWT","deviceApiLevel":31,"platformVersion":"12","deviceScreenSize":"1080x2316","deviceScreenDensity":450,"deviceModel":"SM-S908B","deviceManufacturer":"samsung","pixelRatio":2.8125,"statBarHeight":75,"viewportRect":{"left":0,"top":75,"width":1080,"height":2031}}
[90m2025-10-28T15:44:42.709Z[39m [32mDEBUG[39m [97m@wdio/browserstack-service[39m User capabilities used for integration object: {"bstack:options":{"deviceName":"Samsung Galaxy S22 Ultra","platformVersion":"12.0","platformName":"android","wdioService":"9.19.2","testhubBuildUuid":"ardu5wty29yxaqrslst1pd2epfecztvhzcbsk1bj","buildProductMap":{"observability":true,"accessibility":false,"percy":false,"automate":false,"app_automate":true}},"appium:app":"bs://c0297eaec87d3b5d8933961b9b40217d80dfe433"}
[90m2025-10-28T15:44:42.709Z[39m [32mDEBUG[39m [97m@wdio/browserstack-service[39m Got platformVersion from driver caps
[90m2025-10-28T15:44:42.709Z[39m [32mDEBUG[39m [97m@wdio/browserstack-service[39m Added data to request queue. Queue length = 1
[90m2025-10-28T15:44:43.669Z[39m [32mDEBUG[39m [97m@wdio/browserstack-service[39m Added data to request queue. Queue length = 2
[90m2025-10-28T15:44:43.669Z[39m [32mDEBUG[39m [97m@wdio/browserstack-service[39m Accessibility after test hook. Before sending test stop event
[90m2025-10-28T15:44:43.669Z[39m [32mDEBUG[39m [97m@wdio/browserstack-service[39m Driver capabilities used for integration object: {"platform":"LINUX","webStorageEnabled":false,"takesScreenshot":true,"javascriptEnabled":true,"databaseEnabled":false,"networkConnectionEnabled":true,"locationContextEnabled":false,"warnings":{},"desired":{"platformName":"Android","goog:chromeOptions":{},"newCommandTimeout":0,"deviceName":"Android","chromedriverPorts":[[18155,18165]],"automationName":"uiautomator2","systemPort":8205,"bundleID":"co.ogury.sdk.ads.app","bundleId":"co.ogury.sdk.ads.app","skipServerInstallation":true,"udid":"R3CT40C2YWT","appPackage":"co.ogury.sdk.ads.app","appActivity":"co.ogury.sdk.ads.app.ui.MainActivity","nativeWebScreenshot":true,"disableSuppressAccessibilityService":true},"platformName":"Android","goog:chromeOptions":{},"newCommandTimeout":0,"deviceName":"R3CT40C2YWT","chromedriverPorts":[[18155,18165]],"automationName":"uiautomator2","systemPort":8205,"bundleID":"co.ogury.sdk.ads.app","bundleId":"co.ogury.sdk.ads.app","skipServerInstallation":true,"udid":"R3CT40C2YWT","appPackage":"co.ogury.sdk.ads.app","appActivity":"co.ogury.sdk.ads.app.ui.MainActivity","nativeWebScreenshot":true,"disableSuppressAccessibilityService":true,"deviceUDID":"R3CT40C2YWT","deviceApiLevel":31,"platformVersion":"12","deviceScreenSize":"1080x2316","deviceScreenDensity":450,"deviceModel":"SM-S908B","deviceManufacturer":"samsung","pixelRatio":2.8125,"statBarHeight":75,"viewportRect":{"left":0,"top":75,"width":1080,"height":2031}}
[90m2025-10-28T15:44:43.669Z[39m [32mDEBUG[39m [97m@wdio/browserstack-service[39m User capabilities used for integration object: {"bstack:options":{"deviceName":"Samsung Galaxy S22 Ultra","platformVersion":"12.0","platformName":"android","wdioService":"9.19.2","testhubBuildUuid":"ardu5wty29yxaqrslst1pd2epfecztvhzcbsk1bj","buildProductMap":{"observability":true,"accessibility":false,"percy":false,"automate":false,"app_automate":true}},"appium:app":"bs://c0297eaec87d3b5d8933961b9b40217d80dfe433"}
[90m2025-10-28T15:44:43.669Z[39m [32mDEBUG[39m [97m@wdio/browserstack-service[39m Got platformVersion from driver caps
[90m2025-10-28T15:44:43.670Z[39m [32mDEBUG[39m [97m@wdio/browserstack-service[39m Added data to request queue. Queue length = 3
[90m2025-10-28T15:44:43.673Z[39m [96mINFO[39m [97m@wdio/browserstack-service[39m Update job with sessionId 8bbeb5c66b36cb479c5debd35921adcefbbc8b4d
[90m2025-10-28T15:44:43.673Z[39m [32mDEBUG[39m [97m@wdio/browserstack-service[39m Updating Browserstack session at https://api-cloud.browserstack.com/app-automate/sessions/8bbeb5c66b36cb479c5debd35921adcefbbc8b4d.json with request body: 
[90m2025-10-28T15:44:44.422Z[39m [32mDEBUG[39m [97m@wdio/browserstack-service[39m [screenshot_upload] Success response: {"success":true}
[90m2025-10-28T15:44:44.422Z[39m [32mDEBUG[39m [97m@wdio/browserstack-service[39m Added data to request queue. Queue length = 4
[90m2025-10-28T15:44:44.477Z[39m [32mDEBUG[39m [97m@wdio/browserstack-service[39m teardown started
[90m2025-10-28T15:44:44.478Z[39m [32mDEBUG[39m [97m@wdio/browserstack-service[39m shutdown started
[90m2025-10-28T15:44:44.478Z[39m [32mDEBUG[39m [97m@wdio/browserstack-service[39m Shutting down request queue
[90m2025-10-28T15:44:44.478Z[39m [32mDEBUG[39m [97m@wdio/browserstack-service[39m calling callback with kind SHUTDOWN_QUEUE
[90m2025-10-28T15:44:44.478Z[39m [32mDEBUG[39m [97m@wdio/browserstack-service[39m callback: called with events 4
[90m2025-10-28T15:44:44.727Z[39m [32mDEBUG[39m [97m@wdio/browserstack-service[39m [BATCH_DATA] Success response: {"success":true}
[90m2025-10-28T15:44:44.727Z[39m [32mDEBUG[39m [97m@wdio/browserstack-service[39m callback: marking events success 4
[90m2025-10-28T15:44:44.727Z[39m [32mDEBUG[39m [97m@wdio/browserstack-service[39m shutdown ended
[90m2025-10-28T15:44:44.727Z[39m [32mDEBUG[39m [97m@wdio/browserstack-service[39m teardown ended
[90m2025-10-28T15:44:45.428Z[39m [32mDEBUG[39m [97m@wdio/browserstack-service[39m Added data to request queue. Queue length = 1
[90m2025-10-28T15:44:45.428Z[39m [32mDEBUG[39m [97m@wdio/browserstack-service[39m Force request-queue shutdown, as test run event is received after teardown
[90m2025-10-28T15:44:45.428Z[39m [32mDEBUG[39m [97m@wdio/browserstack-service[39m Sending data from request queue. Data length = 1, Queue length after removal = 0
[90m2025-10-28T15:44:45.428Z[39m [32mDEBUG[39m [97m@wdio/browserstack-service[39m calling callback with kind INTERVAL_QUEUE
[90m2025-10-28T15:44:45.428Z[39m [32mDEBUG[39m [97m@wdio/browserstack-service[39m callback: called with events 1
[90m2025-10-28T15:44:45.801Z[39m [32mDEBUG[39m [97m@wdio/browserstack-service[39m Inside OnComplete hook..
[90m2025-10-28T15:44:45.801Z[39m [32mDEBUG[39m [97m@wdio/browserstack-service[39m Sending stop launch event
[90m2025-10-28T15:44:46.200Z[39m [32mDEBUG[39m [97m@wdio/browserstack-service[39m [STOP_BUILD] Success response: 
[90m2025-10-28T15:44:46.202Z[39m [96mINFO[39m [97m@wdio/browserstack-service[39m BrowserStack service run ended for id: e2d52420-7b2e-4cf8-ba87-aac72be2fd63 testhub id: ardu5wty29yxaqrslst1pd2epfecztvhzcbsk1bj
[90m2025-10-28T15:44:46.203Z[39m [32mDEBUG[39m [97m@wdio/browserstack-service[39m Reading worker file worker-data-28947.json
[90m2025-10-28T15:44:46.208Z[39m [32mDEBUG[39m [97m@wdio/browserstack-service[39m Sending SDK event with data {
  userName: '[REDACTED]',
  accessKey: '[REDACTED]',
  event_type: 'SDKTestSuccessful',
  detectedFramework: 'WebdriverIO-mocha',
  event_properties: {
    sdkRunId: 'e2d52420-7b2e-4cf8-ba87-aac72be2fd63',
    testhub_uuid: 'ardu5wty29yxaqrslst1pd2epfecztvhzcbsk1bj',
    language_framework: 'WebdriverIO_mocha',
    referrer: 'WebdriverIO-mocha/9.19.2',
    language: 'WebdriverIO',
    languageVersion: 'v23.10.0',
    buildName: 'undefined',
    buildIdentifier: 'undefined',
    os: 'Darwin',
    hostname: 'OGY-M-D4K9672MDW',
    productMap: {
      observability: true,
      accessibility: false,
      percy: false,
      automate: false,
      app_automate: true
    },
    product: [ 'observability', 'app-automate' ],
    framework: 'mocha',
    productUsage: {
      testObservability: {
        enabled: true,
        manuallySet: false,
        buildHashedId: 'ardu5wty29yxaqrslst1pd2epfecztvhzcbsk1bj',
        events: {
          buildEvents: {
            started: { isTriggered: true, status: 'success', error: undefined },
            finished: { isTriggered: true, status: 'success', error: undefined }
          },
          testEvents: {
            started: { triggeredCount: 1, sentCount: 1, failedCount: 0 },
            finished: { triggeredCount: 1, sentCount: 1, failedCount: 0 },
            passed: { triggeredCount: 1, sentCount: 1, failedCount: 0 }
          },
          hookEvents: {
            started: { triggeredCount: 0, sentCount: 0, failedCount: 0 },
            finished: { triggeredCount: 0, sentCount: 0, failedCount: 0 }
          },
          logEvents: {
            triggeredCount: 3,
            sentCount: 3,
            failedCount: 0,
            screenshot: { triggeredCount: 1, sentCount: 1, failedCount: 0 },
            log: { triggeredCount: 1, sentCount: 1, failedCount: 0 },
            http: { triggeredCount: 1, sentCount: 1, failedCount: 0 }
          },
          cbtSessionEvents: { triggeredCount: 0, sentCount: 0, failedCount: 0 }
        }
      }
    }
  }
}
[90m2025-10-28T15:44:46.395Z[39m [32mDEBUG[39m [97m@wdio/browserstack-service[39m Funnel Event Response: "{\"message\":\"SDK Event recorded successfully\"}"
[90m2025-10-28T15:44:46.395Z[39m [32mDEBUG[39m [97m@wdio/browserstack-service[39m Funnel event success
[90m2025-10-28T15:44:47.293Z[39m [96mINFO[39m [97m@wdio/browserstack-service[39m Upload response: {
  "status": "success",
  "message": "Logs upload successful in file - logs.gz"
}
2025-10-28T15:44:48.266Z DEBUG @wdio/browserstack-service Successfully uploaded performance events Bravo
